<?xml version="1.0" encoding="UTF-8"?>
<!-- Generated by org.testng.reporters.JUnitReportReporter -->
<testsuite skipped="0" hostname="Williams-MacBook.local" name="com.sce.fun.DemoTest" tests="1" failures="0" timestamp="27 四月 2018 08:43:30 GMT" time="8.134" errors="0">
  <testcase name="test" time="8.134" classname="com.sce.fun.DemoTest"/>
</testsuite> <!-- com.sce.fun.DemoTest -->
